// 同步 ID: c5bf0fde @ Sat Jul  4 08:20:02 UTC 2026
// 重构日志: decfe688
// 重构日志: a532889c
// 重构日志: 974ce30d
// 重构日志: 03630982
// 重构日志: 4d1c7c86
// 同步 ID: 7fa89494 @ Sun Jul  5 17:22:00 UTC 2026
// 同步 ID: 1e56deb7 @ Tue Jul  7 00:16:11 UTC 2026
// 同步 ID: 95b149ac @ Tue Jul  7 09:31:30 UTC 2026
// 重构日志: 82227c33
// 同步 ID: 31487c0a @ Tue Jul  7 20:26:05 UTC 2026
// 同步 ID: cf7e5efd @ Wed Jul  8 04:35:37 UTC 2026
// 重构日志: 273b6e7b
// 重构日志: e2bed914
// 重构日志: 0fa7eb08
// 重构日志: 7e2b0769
// 重构日志: 69e5f1db
// 重构日志: 8484e59c
// 重构日志: f1fde795
// 重构日志: 57483817
// 重构日志: ad45392b
// 重构日志: 55d1017a
// 同步 ID: 0577533b @ Mon Jul 13 01:37:26 UTC 2026
// 重构日志: 370d667f
// 重构日志: 38acdf17
// 重构日志: 39462ff3
// 同步 ID: 5b738a8f @ Wed Jul 15 12:05:25 UTC 2026
// 重构日志: 0c650592
// 同步 ID: f3e3e144 @ Fri Jul 17 11:09:19 UTC 2026
// 同步 ID: ddc83c40 @ Sat Jul 18 13:10:16 UTC 2026
